<?xml version="1.0" encoding="UTF-8"?>
<!-- Generated by org.testng.reporters.JUnitReportReporter -->
<testsuite hostname="LAPTOP-EJSMVPFR" failures="0" tests="1" name="com.inetBanking.pageObjects.Test" time="0.000" errors="0" timestamp="2022-09-21T14:58:08 IST" skipped="1">
  <testcase classname="com.inetBanking.pageObjects.Test" name="loginDDT" time="0.000">
    <skipped/>
  </testcase> <!-- loginDDT -->
  <system-out/>
</testsuite> <!-- com.inetBanking.pageObjects.Test -->
