<?xml version="1.0" encoding="UTF-8"?>
<!-- Generated by org.testng.reporters.JUnitReportReporter -->
<testsuite hostname="LAPTOP-EJSMVPFR" failures="0" tests="1" name="com.inetBanking.testCases.LoginPageTest" time="1.949" errors="0" timestamp="2022-09-23T12:50:19 IST" skipped="0">
  <testcase classname="com.inetBanking.testCases.LoginPageTest" name="loginTest" time="1.949"/>
  <system-out/>
</testsuite> <!-- com.inetBanking.testCases.LoginPageTest -->
