<?xml version="1.0" encoding="UTF-8"?>
<!-- Generated by org.testng.reporters.JUnitReportReporter -->
<testsuite hostname="LAPTOP-EJSMVPFR" failures="0" tests="1" name="com.inetBanking.testCases.LoginPageTest" time="4.428" errors="0" timestamp="2022-09-26T17:52:20 IST" skipped="0">
  <testcase classname="com.inetBanking.testCases.LoginPageTest" name="loginTest" time="4.428"/>
  <system-out/>
</testsuite> <!-- com.inetBanking.testCases.LoginPageTest -->
